2021-09-21T08:26:14.484-0400 [DEBUG] [org.gradle.launcher.daemon.bootstrap.DaemonMain] Assuming the daemon was started with following jvm opts: [--add-opens, java.base/java.util=ALL-UNNAMED, --add-opens, java.base/java.lang=ALL-UNNAMED, --add-opens, java.base/java.lang.invoke=ALL-UNNAMED, --add-opens, java.base/java.util=ALL-UNNAMED, --add-opens, java.prefs/java.util.prefs=ALL-UNNAMED, --add-opens, java.prefs/java.util.prefs=ALL-UNNAMED, --add-opens, java.base/java.nio.charset=ALL-UNNAMED, --add-opens, java.base/java.net=ALL-UNNAMED, --add-opens, java.base/java.util.concurrent.atomic=ALL-UNNAMED, -Xmx2048m, -Dfile.encoding=UTF-8, -Duser.country=US, -Duser.language=en, -Duser.variant]
2021-09-21T08:26:14.709-0400 [DEBUG] [org.gradle.internal.nativeintegration.services.NativeServices] Native-platform posix files integration is not available. Continuing with fallback.
2021-09-21T08:26:14.723-0400 [INFO] [org.gradle.launcher.daemon.server.Daemon] start() called on daemon - DefaultDaemonContext[uid=279af406-2fad-4f81-aa03-caff27aaa3c7,javaHome=C:\Program Files\Android\Android Studio3\jre,daemonRegistryDir=C:\Users\taghr\AndroidStudioProjects\MoMoneyNoProblem\daemon,pid=1748,idleTimeout=10800000,priority=NORMAL,daemonOpts=--add-opens,java.base/java.util=ALL-UNNAMED,--add-opens,java.base/java.lang=ALL-UNNAMED,--add-opens,java.base/java.lang.invoke=ALL-UNNAMED,--add-opens,java.base/java.util=ALL-UNNAMED,--add-opens,java.prefs/java.util.prefs=ALL-UNNAMED,--add-opens,java.prefs/java.util.prefs=ALL-UNNAMED,--add-opens,java.base/java.nio.charset=ALL-UNNAMED,--add-opens,java.base/java.net=ALL-UNNAMED,--add-opens,java.base/java.util.concurrent.atomic=ALL-UNNAMED,-Xmx2048m,-Dfile.encoding=UTF-8,-Duser.country=US,-Duser.language=en,-Duser.variant]
2021-09-21T08:26:15.320-0400 [DEBUG] [org.gradle.internal.remote.internal.inet.InetAddresses] Adding IP addresses for network interface Software Loopback Interface 1
2021-09-21T08:26:15.323-0400 [DEBUG] [org.gradle.internal.remote.internal.inet.InetAddresses] Is this a loopback interface? true
2021-09-21T08:26:15.324-0400 [DEBUG] [org.gradle.internal.remote.internal.inet.InetAddresses] Adding loopback address /127.0.0.1
2021-09-21T08:26:15.324-0400 [DEBUG] [org.gradle.internal.remote.internal.inet.InetAddresses] Adding loopback address /0:0:0:0:0:0:0:1
2021-09-21T08:26:15.328-0400 [DEBUG] [org.gradle.internal.remote.internal.inet.InetAddresses] Adding IP addresses for network interface Microsoft 6to4 Adapter
2021-09-21T08:26:15.330-0400 [DEBUG] [org.gradle.internal.remote.internal.inet.InetAddresses] Is this a loopback interface? false
2021-09-21T08:26:15.331-0400 [DEBUG] [org.gradle.internal.remote.internal.inet.InetAddresses] Adding IP addresses for network interface TAP-Windows Adapter V9
2021-09-21T08:26:15.333-0400 [DEBUG] [org.gradle.internal.remote.internal.inet.InetAddresses] Is this a loopback interface? false
2021-09-21T08:26:15.334-0400 [DEBUG] [org.gradle.internal.remote.internal.inet.InetAddresses] Adding remote address /fe80:0:0:0:2170:8847:e113:d43d%net1
2021-09-21T08:26:15.334-0400 [DEBUG] [org.gradle.internal.remote.internal.inet.InetAddresses] Adding IP addresses for network interface WAN Miniport (PPTP)
2021-09-21T08:26:15.337-0400 [DEBUG] [org.gradle.internal.remote.internal.inet.InetAddresses] Is this a loopback interface? false
2021-09-21T08:26:15.337-0400 [DEBUG] [org.gradle.internal.remote.internal.inet.InetAddresses] Adding IP addresses for network interface WAN Miniport (SSTP)
2021-09-21T08:26:15.340-0400 [DEBUG] [org.gradle.internal.remote.internal.inet.InetAddresses] Is this a loopback interface? false
2021-09-21T08:26:15.340-0400 [DEBUG] [org.gradle.internal.remote.internal.inet.InetAddresses] Adding IP addresses for network interface Microsoft IP-HTTPS Platform Adapter
2021-09-21T08:26:15.342-0400 [DEBUG] [org.gradle.internal.remote.internal.inet.InetAddresses] Is this a loopback interface? false
2021-09-21T08:26:15.342-0400 [DEBUG] [org.gradle.internal.remote.internal.inet.InetAddresses] Adding IP addresses for network interface WAN Miniport (IP)
2021-09-21T08:26:15.345-0400 [DEBUG] [org.gradle.internal.remote.internal.inet.InetAddresses] Is this a loopback interface? false
2021-09-21T08:26:15.345-0400 [DEBUG] [org.gradle.internal.remote.internal.inet.InetAddresses] Adding IP addresses for network interface Microsoft Kernel Debug Network Adapter
2021-09-21T08:26:15.347-0400 [DEBUG] [org.gradle.internal.remote.internal.inet.InetAddresses] Is this a loopback interface? false
2021-09-21T08:26:15.348-0400 [DEBUG] [org.gradle.internal.remote.internal.inet.InetAddresses] Adding IP addresses for network interface WAN Miniport (IKEv2)
2021-09-21T08:26:15.350-0400 [DEBUG] [org.gradle.internal.remote.internal.inet.InetAddresses] Is this a loopback interface? false
2021-09-21T08:26:15.350-0400 [DEBUG] [org.gradle.internal.remote.internal.inet.InetAddresses] Adding IP addresses for network interface WAN Miniport (L2TP)
2021-09-21T08:26:15.352-0400 [DEBUG] [org.gradle.internal.remote.internal.inet.InetAddresses] Is this a loopback interface? false
2021-09-21T08:26:15.353-0400 [DEBUG] [org.gradle.internal.remote.internal.inet.InetAddresses] Adding IP addresses for network interface WAN Miniport (PPPOE)
2021-09-21T08:26:15.355-0400 [DEBUG] [org.gradle.internal.remote.internal.inet.InetAddresses] Is this a loopback interface? false
2021-09-21T08:26:15.355-0400 [DEBUG] [org.gradle.internal.remote.internal.inet.InetAddresses] Adding IP addresses for network interface Microsoft Wi-Fi Direct Virtual Adapter
2021-09-21T08:26:15.357-0400 [DEBUG] [org.gradle.internal.remote.internal.inet.InetAddresses] Is this a loopback interface? false
2021-09-21T08:26:15.357-0400 [DEBUG] [org.gradle.internal.remote.internal.inet.InetAddresses] Adding remote address /fe80:0:0:0:f81f:1fb9:abfe:9534%wlan0
2021-09-21T08:26:15.358-0400 [DEBUG] [org.gradle.internal.remote.internal.inet.InetAddresses] Adding IP addresses for network interface VirtualBox Host-Only Ethernet Adapter
2021-09-21T08:26:15.360-0400 [DEBUG] [org.gradle.internal.remote.internal.inet.InetAddresses] Is this a loopback interface? false
2021-09-21T08:26:15.360-0400 [DEBUG] [org.gradle.internal.remote.internal.inet.InetAddresses] Adding IP addresses for network interface WAN Miniport (Network Monitor)
2021-09-21T08:26:15.363-0400 [DEBUG] [org.gradle.internal.remote.internal.inet.InetAddresses] Is this a loopback interface? false
2021-09-21T08:26:15.363-0400 [DEBUG] [org.gradle.internal.remote.internal.inet.InetAddresses] Adding IP addresses for network interface Microsoft Teredo Tunneling Adapter
2021-09-21T08:26:15.366-0400 [DEBUG] [org.gradle.internal.remote.internal.inet.InetAddresses] Is this a loopback interface? false
2021-09-21T08:26:15.366-0400 [DEBUG] [org.gradle.internal.remote.internal.inet.InetAddresses] Adding IP addresses for network interface Realtek RTL8821CE 802.11ac PCIe Adapter
2021-09-21T08:26:15.369-0400 [DEBUG] [org.gradle.internal.remote.internal.inet.InetAddresses] Is this a loopback interface? false
2021-09-21T08:26:15.369-0400 [DEBUG] [org.gradle.internal.remote.internal.inet.InetAddresses] Adding remote address /10.0.0.238
2021-09-21T08:26:15.369-0400 [DEBUG] [org.gradle.internal.remote.internal.inet.InetAddresses] Adding remote address /2601:140:8100:a3b0:0:0:0:a81f
2021-09-21T08:26:15.370-0400 [DEBUG] [org.gradle.internal.remote.internal.inet.InetAddresses] Adding remote address /2601:140:8100:a3b0:65f6:847a:df36:5281
2021-09-21T08:26:15.370-0400 [DEBUG] [org.gradle.internal.remote.internal.inet.InetAddresses] Adding remote address /2601:140:8100:a3b0:1e6:d06d:57f5:8995
2021-09-21T08:26:15.370-0400 [DEBUG] [org.gradle.internal.remote.internal.inet.InetAddresses] Adding remote address /fe80:0:0:0:65f6:847a:df36:5281%wlan1
2021-09-21T08:26:15.370-0400 [DEBUG] [org.gradle.internal.remote.internal.inet.InetAddresses] Adding IP addresses for network interface PANGP Virtual Ethernet Adapter #2
2021-09-21T08:26:15.373-0400 [DEBUG] [org.gradle.internal.remote.internal.inet.InetAddresses] Is this a loopback interface? false
2021-09-21T08:26:15.374-0400 [DEBUG] [org.gradle.internal.remote.internal.inet.InetAddresses] Adding IP addresses for network interface WAN Miniport (IPv6)
2021-09-21T08:26:15.376-0400 [DEBUG] [org.gradle.internal.remote.internal.inet.InetAddresses] Is this a loopback interface? false
2021-09-21T08:26:15.376-0400 [DEBUG] [org.gradle.internal.remote.internal.inet.InetAddresses] Adding IP addresses for network interface VirtualBox Host-Only Ethernet Adapter
2021-09-21T08:26:15.379-0400 [DEBUG] [org.gradle.internal.remote.internal.inet.InetAddresses] Is this a loopback interface? false
2021-09-21T08:26:15.379-0400 [DEBUG] [org.gradle.internal.remote.internal.inet.InetAddresses] Adding remote address /192.168.56.1
2021-09-21T08:26:15.379-0400 [DEBUG] [org.gradle.internal.remote.internal.inet.InetAddresses] Adding remote address /fe80:0:0:0:1d12:dcc1:9073:fa90%eth6
2021-09-21T08:26:15.379-0400 [DEBUG] [org.gradle.internal.remote.internal.inet.InetAddresses] Adding IP addresses for network interface Bluetooth Device (Personal Area Network)
2021-09-21T08:26:15.382-0400 [DEBUG] [org.gradle.internal.remote.internal.inet.InetAddresses] Is this a loopback interface? false
2021-09-21T08:26:15.382-0400 [DEBUG] [org.gradle.internal.remote.internal.inet.InetAddresses] Adding remote address /fe80:0:0:0:85f8:7818:fab9:2b29%eth7
2021-09-21T08:26:15.382-0400 [DEBUG] [org.gradle.internal.remote.internal.inet.InetAddresses] Adding IP addresses for network interface PANGP Virtual Ethernet Adapter
2021-09-21T08:26:15.386-0400 [DEBUG] [org.gradle.internal.remote.internal.inet.InetAddresses] Is this a loopback interface? false
2021-09-21T08:26:15.386-0400 [DEBUG] [org.gradle.internal.remote.internal.inet.InetAddresses] Adding IP addresses for network interface Microsoft Wi-Fi Direct Virtual Adapter #2
2021-09-21T08:26:15.389-0400 [DEBUG] [org.gradle.internal.remote.internal.inet.InetAddresses] Is this a loopback interface? false
2021-09-21T08:26:15.389-0400 [DEBUG] [org.gradle.internal.remote.internal.inet.InetAddresses] Adding remote address /fe80:0:0:0:39ef:acf1:bb6a:53fb%wlan2
2021-09-21T08:26:15.389-0400 [DEBUG] [org.gradle.internal.remote.internal.inet.InetAddresses] Adding IP addresses for network interface VirtualBox Host-Only Ethernet Adapter-WFP Native MAC Layer LightWeight Filter-0000
2021-09-21T08:26:15.392-0400 [DEBUG] [org.gradle.internal.remote.internal.inet.InetAddresses] Is this a loopback interface? false
2021-09-21T08:26:15.392-0400 [DEBUG] [org.gradle.internal.remote.internal.inet.InetAddresses] Adding IP addresses for network interface TAP-Windows Adapter V9-WFP Native MAC Layer LightWeight Filter-0000
2021-09-21T08:26:15.395-0400 [DEBUG] [org.gradle.internal.remote.internal.inet.InetAddresses] Is this a loopback interface? false
2021-09-21T08:26:15.396-0400 [DEBUG] [org.gradle.internal.remote.internal.inet.InetAddresses] Adding IP addresses for network interface TAP-Windows Adapter V9-VirtualBox NDIS Light-Weight Filter-0000
2021-09-21T08:26:15.399-0400 [DEBUG] [org.gradle.internal.remote.internal.inet.InetAddresses] Is this a loopback interface? false
2021-09-21T08:26:15.399-0400 [DEBUG] [org.gradle.internal.remote.internal.inet.InetAddresses] Adding IP addresses for network interface TAP-Windows Adapter V9-QoS Packet Scheduler-0000
2021-09-21T08:26:15.401-0400 [DEBUG] [org.gradle.internal.remote.internal.inet.InetAddresses] Is this a loopback interface? false
2021-09-21T08:26:15.401-0400 [DEBUG] [org.gradle.internal.remote.internal.inet.InetAddresses] Adding IP addresses for network interface TAP-Windows Adapter V9-WFP 802.3 MAC Layer LightWeight Filter-0000
2021-09-21T08:26:15.404-0400 [DEBUG] [org.gradle.internal.remote.internal.inet.InetAddresses] Is this a loopback interface? false
2021-09-21T08:26:15.404-0400 [DEBUG] [org.gradle.internal.remote.internal.inet.InetAddresses] Adding IP addresses for network interface VirtualBox Host-Only Ethernet Adapter-QoS Packet Scheduler-0000
2021-09-21T08:26:15.406-0400 [DEBUG] [org.gradle.internal.remote.internal.inet.InetAddresses] Is this a loopback interface? false
2021-09-21T08:26:15.406-0400 [DEBUG] [org.gradle.internal.remote.internal.inet.InetAddresses] Adding IP addresses for network interface VirtualBox Host-Only Ethernet Adapter-WFP 802.3 MAC Layer LightWeight Filter-0000
2021-09-21T08:26:15.408-0400 [DEBUG] [org.gradle.internal.remote.internal.inet.InetAddresses] Is this a loopback interface? false
2021-09-21T08:26:15.409-0400 [DEBUG] [org.gradle.internal.remote.internal.inet.InetAddresses] Adding IP addresses for network interface Realtek RTL8821CE 802.11ac PCIe Adapter-WFP Native MAC Layer LightWeight Filter-0000
2021-09-21T08:26:15.411-0400 [DEBUG] [org.gradle.internal.remote.internal.inet.InetAddresses] Is this a loopback interface? false
2021-09-21T08:26:15.411-0400 [DEBUG] [org.gradle.internal.remote.internal.inet.InetAddresses] Adding IP addresses for network interface Realtek RTL8821CE 802.11ac PCIe Adapter-Virtual WiFi Filter Driver-0000
2021-09-21T08:26:15.414-0400 [DEBUG] [org.gradle.internal.remote.internal.inet.InetAddresses] Is this a loopback interface? false
2021-09-21T08:26:15.414-0400 [DEBUG] [org.gradle.internal.remote.internal.inet.InetAddresses] Adding IP addresses for network interface Realtek RTL8821CE 802.11ac PCIe Adapter-Native WiFi Filter Driver-0000
2021-09-21T08:26:15.416-0400 [DEBUG] [org.gradle.internal.remote.internal.inet.InetAddresses] Is this a loopback interface? false
2021-09-21T08:26:15.416-0400 [DEBUG] [org.gradle.internal.remote.internal.inet.InetAddresses] Adding IP addresses for network interface Realtek RTL8821CE 802.11ac PCIe Adapter-VirtualBox NDIS Light-Weight Filter-0000
2021-09-21T08:26:15.419-0400 [DEBUG] [org.gradle.internal.remote.internal.inet.InetAddresses] Is this a loopback interface? false
2021-09-21T08:26:15.419-0400 [DEBUG] [org.gradle.internal.remote.internal.inet.InetAddresses] Adding IP addresses for network interface Realtek RTL8821CE 802.11ac PCIe Adapter-QoS Packet Scheduler-0000
2021-09-21T08:26:15.421-0400 [DEBUG] [org.gradle.internal.remote.internal.inet.InetAddresses] Is this a loopback interface? false
2021-09-21T08:26:15.422-0400 [DEBUG] [org.gradle.internal.remote.internal.inet.InetAddresses] Adding IP addresses for network interface Realtek RTL8821CE 802.11ac PCIe Adapter-WFP 802.3 MAC Layer LightWeight Filter-0000
2021-09-21T08:26:15.424-0400 [DEBUG] [org.gradle.internal.remote.internal.inet.InetAddresses] Is this a loopback interface? false
2021-09-21T08:26:15.424-0400 [DEBUG] [org.gradle.internal.remote.internal.inet.InetAddresses] Adding IP addresses for network interface Microsoft Wi-Fi Direct Virtual Adapter-WFP Native MAC Layer LightWeight Filter-0000
2021-09-21T08:26:15.426-0400 [DEBUG] [org.gradle.internal.remote.internal.inet.InetAddresses] Is this a loopback interface? false
2021-09-21T08:26:15.426-0400 [DEBUG] [org.gradle.internal.remote.internal.inet.InetAddresses] Adding IP addresses for network interface Microsoft Wi-Fi Direct Virtual Adapter-Native WiFi Filter Driver-0000
2021-09-21T08:26:15.428-0400 [DEBUG] [org.gradle.internal.remote.internal.inet.InetAddresses] Is this a loopback interface? false
2021-09-21T08:26:15.428-0400 [DEBUG] [org.gradle.internal.remote.internal.inet.InetAddresses] Adding IP addresses for network interface WAN Miniport (IP)-WFP Native MAC Layer LightWeight Filter-0000
2021-09-21T08:26:15.430-0400 [DEBUG] [org.gradle.internal.remote.internal.inet.InetAddresses] Is this a loopback interface? false
2021-09-21T08:26:15.431-0400 [DEBUG] [org.gradle.internal.remote.internal.inet.InetAddresses] Adding IP addresses for network interface WAN Miniport (IP)-QoS Packet Scheduler-0000
2021-09-21T08:26:15.433-0400 [DEBUG] [org.gradle.internal.remote.internal.inet.InetAddresses] Is this a loopback interface? false
2021-09-21T08:26:15.433-0400 [DEBUG] [org.gradle.internal.remote.internal.inet.InetAddresses] Adding IP addresses for network interface WAN Miniport (IPv6)-WFP Native MAC Layer LightWeight Filter-0000
2021-09-21T08:26:15.435-0400 [DEBUG] [org.gradle.internal.remote.internal.inet.InetAddresses] Is this a loopback interface? false
2021-09-21T08:26:15.436-0400 [DEBUG] [org.gradle.internal.remote.internal.inet.InetAddresses] Adding IP addresses for network interface WAN Miniport (Network Monitor)-WFP Native MAC Layer LightWeight Filter-0000
2021-09-21T08:26:15.438-0400 [DEBUG] [org.gradle.internal.remote.internal.inet.InetAddresses] Is this a loopback interface? false
2021-09-21T08:26:15.438-0400 [DEBUG] [org.gradle.internal.remote.internal.inet.InetAddresses] Adding IP addresses for network interface WAN Miniport (IPv6)-QoS Packet Scheduler-0000
2021-09-21T08:26:15.440-0400 [DEBUG] [org.gradle.internal.remote.internal.inet.InetAddresses] Is this a loopback interface? false
2021-09-21T08:26:15.440-0400 [DEBUG] [org.gradle.internal.remote.internal.inet.InetAddresses] Adding IP addresses for network interface WAN Miniport (Network Monitor)-QoS Packet Scheduler-0000
2021-09-21T08:26:15.442-0400 [DEBUG] [org.gradle.internal.remote.internal.inet.InetAddresses] Is this a loopback interface? false
2021-09-21T08:26:15.442-0400 [DEBUG] [org.gradle.internal.remote.internal.inet.InetAddresses] Adding IP addresses for network interface Microsoft Wi-Fi Direct Virtual Adapter-VirtualBox NDIS Light-Weight Filter-0000
2021-09-21T08:26:15.445-0400 [DEBUG] [org.gradle.internal.remote.internal.inet.InetAddresses] Is this a loopback interface? false
2021-09-21T08:26:15.445-0400 [DEBUG] [org.gradle.internal.remote.internal.inet.InetAddresses] Adding IP addresses for network interface Microsoft Wi-Fi Direct Virtual Adapter-QoS Packet Scheduler-0000
2021-09-21T08:26:15.447-0400 [DEBUG] [org.gradle.internal.remote.internal.inet.InetAddresses] Is this a loopback interface? false
2021-09-21T08:26:15.447-0400 [DEBUG] [org.gradle.internal.remote.internal.inet.InetAddresses] Adding IP addresses for network interface Microsoft Wi-Fi Direct Virtual Adapter-WFP 802.3 MAC Layer LightWeight Filter-0000
2021-09-21T08:26:15.449-0400 [DEBUG] [org.gradle.internal.remote.internal.inet.InetAddresses] Is this a loopback interface? false
2021-09-21T08:26:15.449-0400 [DEBUG] [org.gradle.internal.remote.internal.inet.InetAddresses] Adding IP addresses for network interface Microsoft Wi-Fi Direct Virtual Adapter #2-WFP Native MAC Layer LightWeight Filter-0000
2021-09-21T08:26:15.452-0400 [DEBUG] [org.gradle.internal.remote.internal.inet.InetAddresses] Is this a loopback interface? false
2021-09-21T08:26:15.452-0400 [DEBUG] [org.gradle.internal.remote.internal.inet.InetAddresses] Adding IP addresses for network interface Microsoft Wi-Fi Direct Virtual Adapter #2-Native WiFi Filter Driver-0000
2021-09-21T08:26:15.454-0400 [DEBUG] [org.gradle.internal.remote.internal.inet.InetAddresses] Is this a loopback interface? false
2021-09-21T08:26:15.454-0400 [DEBUG] [org.gradle.internal.remote.internal.inet.InetAddresses] Adding IP addresses for network interface Microsoft Wi-Fi Direct Virtual Adapter #2-VirtualBox NDIS Light-Weight Filter-0000
2021-09-21T08:26:15.456-0400 [DEBUG] [org.gradle.internal.remote.internal.inet.InetAddresses] Is this a loopback interface? false
2021-09-21T08:26:15.456-0400 [DEBUG] [org.gradle.internal.remote.internal.inet.InetAddresses] Adding IP addresses for network interface Microsoft Wi-Fi Direct Virtual Adapter #2-QoS Packet Scheduler-0000
2021-09-21T08:26:15.459-0400 [DEBUG] [org.gradle.internal.remote.internal.inet.InetAddresses] Is this a loopback interface? false
2021-09-21T08:26:15.459-0400 [DEBUG] [org.gradle.internal.remote.internal.inet.InetAddresses] Adding IP addresses for network interface Microsoft Wi-Fi Direct Virtual Adapter #2-WFP 802.3 MAC Layer LightWeight Filter-0000
2021-09-21T08:26:15.461-0400 [DEBUG] [org.gradle.internal.remote.internal.inet.InetAddresses] Is this a loopback interface? false
2021-09-21T08:26:15.464-0400 [DEBUG] [org.gradle.internal.remote.internal.inet.TcpIncomingConnector] Listening on [bb706a7d-e39d-433d-bb7b-acd66fa6227a port:63523, addresses:[localhost/127.0.0.1]].
2021-09-21T08:26:15.473-0400 [DEBUG] [org.gradle.launcher.daemon.server.Daemon] Daemon starting at: Tue Sep 21 08:26:15 EDT 2021, with address: [bb706a7d-e39d-433d-bb7b-acd66fa6227a port:63523, addresses:[localhost/127.0.0.1]]
2021-09-21T08:26:15.473-0400 [INFO] [org.gradle.launcher.daemon.server.DaemonRegistryUpdater] Advertising the daemon address to the clients: [bb706a7d-e39d-433d-bb7b-acd66fa6227a port:63523, addresses:[localhost/127.0.0.1]]
2021-09-21T08:26:15.473-0400 [DEBUG] [org.gradle.launcher.daemon.server.DaemonRegistryUpdater] Advertised daemon context: DefaultDaemonContext[uid=279af406-2fad-4f81-aa03-caff27aaa3c7,javaHome=C:\Program Files\Android\Android Studio3\jre,daemonRegistryDir=C:\Users\taghr\AndroidStudioProjects\MoMoneyNoProblem\daemon,pid=1748,idleTimeout=10800000,priority=NORMAL,daemonOpts=--add-opens,java.base/java.util=ALL-UNNAMED,--add-opens,java.base/java.lang=ALL-UNNAMED,--add-opens,java.base/java.lang.invoke=ALL-UNNAMED,--add-opens,java.base/java.util=ALL-UNNAMED,--add-opens,java.prefs/java.util.prefs=ALL-UNNAMED,--add-opens,java.prefs/java.util.prefs=ALL-UNNAMED,--add-opens,java.base/java.nio.charset=ALL-UNNAMED,--add-opens,java.base/java.net=ALL-UNNAMED,--add-opens,java.base/java.util.concurrent.atomic=ALL-UNNAMED,-Xmx2048m,-Dfile.encoding=UTF-8,-Duser.country=US,-Duser.language=en,-Duser.variant]
2021-09-21T08:26:15.474-0400 [DEBUG] [org.gradle.launcher.daemon.registry.PersistentDaemonRegistry] Storing daemon address: [bb706a7d-e39d-433d-bb7b-acd66fa6227a port:63523, addresses:[localhost/127.0.0.1]], context: DefaultDaemonContext[uid=279af406-2fad-4f81-aa03-caff27aaa3c7,javaHome=C:\Program Files\Android\Android Studio3\jre,daemonRegistryDir=C:\Users\taghr\AndroidStudioProjects\MoMoneyNoProblem\daemon,pid=1748,idleTimeout=10800000,priority=NORMAL,daemonOpts=--add-opens,java.base/java.util=ALL-UNNAMED,--add-opens,java.base/java.lang=ALL-UNNAMED,--add-opens,java.base/java.lang.invoke=ALL-UNNAMED,--add-opens,java.base/java.util=ALL-UNNAMED,--add-opens,java.prefs/java.util.prefs=ALL-UNNAMED,--add-opens,java.prefs/java.util.prefs=ALL-UNNAMED,--add-opens,java.base/java.nio.charset=ALL-UNNAMED,--add-opens,java.base/java.net=ALL-UNNAMED,--add-opens,java.base/java.util.concurrent.atomic=ALL-UNNAMED,-Xmx2048m,-Dfile.encoding=UTF-8,-Duser.country=US,-Duser.language=en,-Duser.variant]
2021-09-21T08:26:15.488-0400 [DEBUG] [org.gradle.cache.internal.DefaultFileLockManager] Waiting to acquire exclusive lock on daemon addresses registry.
2021-09-21T08:26:15.493-0400 [DEBUG] [org.gradle.cache.internal.DefaultFileLockManager] Lock acquired on daemon addresses registry.
2021-09-21T08:26:15.503-0400 [DEBUG] [org.gradle.cache.internal.DefaultFileLockManager] Releasing lock on daemon addresses registry.
2021-09-21T08:26:15.505-0400 [LIFECYCLE] [org.gradle.launcher.daemon.server.Daemon] Daemon server started.
2021-09-21T08:26:15.507-0400 [DEBUG] [org.gradle.launcher.daemon.bootstrap.DaemonStartupCommunication] Completed writing the daemon greeting. Closing streams...
2021-09-21T08:26:15.522-0400 [DEBUG] [org.gradle.internal.remote.internal.inet.TcpIncomingConnector] Accepted connection from /127.0.0.1:63524 to /127.0.0.1:63523.
2021-09-21T08:26:15.540-0400 [DEBUG] [org.gradle.launcher.daemon.server.Daemon] stopOnExpiration() called on daemon
2021-09-21T08:26:15.542-0400 [DEBUG] [org.gradle.launcher.daemon.server.Daemon] awaitExpiration() called on daemon
2021-09-21T08:26:15.543-0400 [DEBUG] [org.gradle.launcher.daemon.server.DaemonStateCoordinator] daemon is running. Sleeping until state changes.
2021-09-21T08:26:15.605-0400 [DEBUG] [org.gradle.launcher.daemon.server.SynchronizedDispatchConnection] thread 20: received class org.gradle.launcher.daemon.protocol.Build
2021-09-21T08:26:15.606-0400 [DEBUG] [org.gradle.launcher.daemon.server.DefaultDaemonConnection] thread 20: Received non-IO message from client: Build{id=8965ad8c-407c-4532-86f4-25e958ead525, currentDir=C:\Users\taghr\AndroidStudioProjects\MoMoneyNoProblem}
2021-09-21T08:26:15.606-0400 [INFO] [org.gradle.launcher.daemon.server.DefaultIncomingConnectionHandler] Received command: Build{id=8965ad8c-407c-4532-86f4-25e958ead525, currentDir=C:\Users\taghr\AndroidStudioProjects\MoMoneyNoProblem}.
2021-09-21T08:26:15.606-0400 [DEBUG] [org.gradle.launcher.daemon.server.DefaultIncomingConnectionHandler] Starting executing command: Build{id=8965ad8c-407c-4532-86f4-25e958ead525, currentDir=C:\Users\taghr\AndroidStudioProjects\MoMoneyNoProblem} with connection: socket connection from /127.0.0.1:63523 to /127.0.0.1:63524.
2021-09-21T08:26:15.609-0400 [DEBUG] [org.gradle.launcher.daemon.server.DaemonStateCoordinator] Command execution: started DaemonCommandExecution[command = Build{id=8965ad8c-407c-4532-86f4-25e958ead525, currentDir=C:\Users\taghr\AndroidStudioProjects\MoMoneyNoProblem}, connection = DefaultDaemonConnection: socket connection from /127.0.0.1:63523 to /127.0.0.1:63524] after 0.0 minutes of idle
2021-09-21T08:26:15.609-0400 [INFO] [org.gradle.launcher.daemon.server.DaemonRegistryUpdater] Marking the daemon as busy, address: [bb706a7d-e39d-433d-bb7b-acd66fa6227a port:63523, addresses:[localhost/127.0.0.1]]
2021-09-21T08:26:15.610-0400 [DEBUG] [org.gradle.launcher.daemon.registry.PersistentDaemonRegistry] Marking busy by address: [bb706a7d-e39d-433d-bb7b-acd66fa6227a port:63523, addresses:[localhost/127.0.0.1]]
2021-09-21T08:26:15.612-0400 [DEBUG] [org.gradle.cache.internal.DefaultFileLockManager] Waiting to acquire exclusive lock on daemon addresses registry.
2021-09-21T08:26:15.612-0400 [DEBUG] [org.gradle.cache.internal.DefaultFileLockManager] Lock acquired on daemon addresses registry.
2021-09-21T08:26:15.615-0400 [DEBUG] [org.gradle.cache.internal.DefaultFileLockManager] Releasing lock on daemon addresses registry.
2021-09-21T08:26:15.617-0400 [DEBUG] [org.gradle.launcher.daemon.server.DaemonStateCoordinator] resetting idle timer
2021-09-21T08:26:15.617-0400 [DEBUG] [org.gradle.launcher.daemon.server.DaemonStateCoordinator] daemon is running. Sleeping until state changes.
2021-09-21T08:26:15.619-0400 [INFO] [org.gradle.launcher.daemon.server.exec.StartBuildOrRespondWithBusy] Daemon is about to start building Build{id=8965ad8c-407c-4532-86f4-25e958ead525, currentDir=C:\Users\taghr\AndroidStudioProjects\MoMoneyNoProblem}. Dispatching build started information...
2021-09-21T08:26:15.620-0400 [DEBUG] [org.gradle.launcher.daemon.server.SynchronizedDispatchConnection] thread 22: dispatching org.gradle.launcher.daemon.protocol.BuildStarted@3bcdffac
2021-09-21T08:26:15.622-0400 [DEBUG] [org.gradle.launcher.daemon.server.exec.EstablishBuildEnvironment] Configuring env variables: [USERDOMAIN_ROAMINGPROFILE, PROCESSOR_LEVEL, RegionCode, SESSIONNAME, ALLUSERSPROFILE, PROCESSOR_ARCHITECTURE, PSModulePath, SystemDrive, USERNAME, ProgramFiles(x86), _MSYS2_BASH, _MSYS2_PREFIX, PATHEXT, DriverData, OneDriveConsumer, platformcode, ProgramData, ProgramW6432, HOMEPATH, PROCESSOR_IDENTIFIER, ProgramFiles, PUBLIC, windir, VS160COMCOMNTOOLS, =::, ZES_ENABLE_SYSMAN, LOCALAPPDATA, ChocolateyLastPathUpdate, USERDOMAIN, LOGONSERVER, OneDrive, APPDATA, ChocolateyInstall, ChocolateyToolsLocation, VBOX_MSI_INSTALL_PATH, CommonProgramFiles, Path, OS, COMPUTERNAME, OnlineServices, PROCESSOR_REVISION, CommonProgramW6432, ComSpec, TEMP, SystemRoot, HOMEDRIVE, USERPROFILE, TMP, CommonProgramFiles(x86), NUMBER_OF_PROCESSORS, IDEA_INITIAL_DIRECTORY]
2021-09-21T08:26:15.622-0400 [DEBUG] [org.gradle.launcher.daemon.server.SynchronizedDispatchConnection] thread 20: received class org.gradle.launcher.daemon.protocol.CloseInput
2021-09-21T08:26:15.622-0400 [DEBUG] [org.gradle.launcher.daemon.server.DefaultDaemonConnection] thread 20: Received IO message from client: org.gradle.launcher.daemon.protocol.CloseInput@2c7099e4
2021-09-21T08:26:15.629-0400 [DEBUG] [org.gradle.launcher.daemon.server.exec.LogToClient] About to start relaying all logs to the client via the connection.
2021-09-21T08:26:15.630-0400 [INFO] [org.gradle.launcher.daemon.server.exec.LogToClient] The client will now receive all logging from the daemon (pid: 1748). The daemon log file: C:\Users\taghr\AndroidStudioProjects\MoMoneyNoProblem\daemon\7.0.2\daemon-1748.out.log
2021-09-21T08:26:15.633-0400 [INFO] [org.gradle.launcher.daemon.server.exec.LogAndCheckHealth] Starting build in new daemon [memory: 2 GiB]
2021-09-21T08:26:15.636-0400 [INFO] [org.gradle.launcher.daemon.server.exec.ForwardClientInput] Closing daemon's stdin at end of input.
2021-09-21T08:26:15.636-0400 [INFO] [org.gradle.launcher.daemon.server.exec.ForwardClientInput] The daemon will no longer process any standard input.
2021-09-21T08:26:15.641-0400 [DEBUG] [org.gradle.launcher.daemon.server.exec.ExecuteBuild] The daemon has started executing the build.
2021-09-21T08:26:15.641-0400 [DEBUG] [org.gradle.launcher.daemon.server.exec.ExecuteBuild] Executing build with daemon context: DefaultDaemonContext[uid=279af406-2fad-4f81-aa03-caff27aaa3c7,javaHome=C:\Program Files\Android\Android Studio3\jre,daemonRegistryDir=C:\Users\taghr\AndroidStudioProjects\MoMoneyNoProblem\daemon,pid=1748,idleTimeout=10800000,priority=NORMAL,daemonOpts=--add-opens,java.base/java.util=ALL-UNNAMED,--add-opens,java.base/java.lang=ALL-UNNAMED,--add-opens,java.base/java.lang.invoke=ALL-UNNAMED,--add-opens,java.base/java.util=ALL-UNNAMED,--add-opens,java.prefs/java.util.prefs=ALL-UNNAMED,--add-opens,java.prefs/java.util.prefs=ALL-UNNAMED,--add-opens,java.base/java.nio.charset=ALL-UNNAMED,--add-opens,java.base/java.net=ALL-UNNAMED,--add-opens,java.base/java.util.concurrent.atomic=ALL-UNNAMED,-Xmx2048m,-Dfile.encoding=UTF-8,-Duser.country=US,-Duser.language=en,-Duser.variant]

Deprecated Gradle features were used in this build, making it incompatible with Gradle 8.0.
Use '--warning-mode all' to show the individual deprecation warnings.
See https://docs.gradle.org/7.0.2/userguide/command_line_interface.html#sec:command_line_warnings

BUILD SUCCESSFUL in 1m 6s
31 actionable tasks: 8 executed, 23 up-to-date
2021-09-21T08:27:02.693-0400 [DEBUG] [org.gradle.launcher.daemon.server.exec.ExecuteBuild] The daemon has finished executing the build.
2021-09-21T08:27:02.711-0400 [DEBUG] [org.gradle.launcher.daemon.server.DaemonStateCoordinator] daemon is running. Sleeping until state changes.
2021-09-21T08:27:02.711-0400 [DEBUG] [org.gradle.launcher.daemon.server.DaemonStateCoordinator] Command execution: finished waiting for DaemonCommandExecution[command = Build{id=8965ad8c-407c-4532-86f4-25e958ead525, currentDir=C:\Users\taghr\AndroidStudioProjects\MoMoneyNoProblem}, connection = DefaultDaemonConnection: socket connection from /127.0.0.1:63523 to /127.0.0.1:63524]. Result org.gradle.launcher.daemon.server.DaemonStateCoordinator@771eeefd with state Busy
2021-09-21T08:27:02.711-0400 [DEBUG] [org.gradle.launcher.daemon.server.DaemonStateCoordinator] Command execution: completed DaemonCommandExecution[command = Build{id=8965ad8c-407c-4532-86f4-25e958ead525, currentDir=C:\Users\taghr\AndroidStudioProjects\MoMoneyNoProblem}, connection = DefaultDaemonConnection: socket connection from /127.0.0.1:63523 to /127.0.0.1:63524]
2021-09-21T08:27:02.711-0400 [DEBUG] [org.gradle.launcher.daemon.server.DaemonStateCoordinator] resetting idle timer
2021-09-21T08:27:02.712-0400 [INFO] [org.gradle.launcher.daemon.server.DaemonRegistryUpdater] Marking the daemon as idle, address: [bb706a7d-e39d-433d-bb7b-acd66fa6227a port:63523, addresses:[localhost/127.0.0.1]]
2021-09-21T08:27:02.712-0400 [DEBUG] [org.gradle.launcher.daemon.registry.PersistentDaemonRegistry] Marking busy by address: [bb706a7d-e39d-433d-bb7b-acd66fa6227a port:63523, addresses:[localhost/127.0.0.1]]
2021-09-21T08:27:02.720-0400 [DEBUG] [org.gradle.cache.internal.DefaultFileLockManager] Waiting to acquire exclusive lock on daemon addresses registry.
2021-09-21T08:27:02.721-0400 [DEBUG] [org.gradle.cache.internal.DefaultFileLockManager] Lock acquired on daemon addresses registry.
2021-09-21T08:27:02.724-0400 [DEBUG] [org.gradle.cache.internal.DefaultFileLockManager] Releasing lock on daemon addresses registry.
2021-09-21T08:27:02.726-0400 [DEBUG] [org.gradle.launcher.daemon.server.DaemonStateCoordinator] daemon is running. Sleeping until state changes.
2021-09-21T08:27:02.726-0400 [DEBUG] [org.gradle.launcher.daemon.server.exec.ReturnResult] Daemon is dispatching the build result: Success[value=org.gradle.launcher.exec.BuildActionResult@668f503e]
2021-09-21T08:27:02.727-0400 [DEBUG] [org.gradle.launcher.daemon.server.SynchronizedDispatchConnection] thread 19: dispatching Success[value=org.gradle.launcher.exec.BuildActionResult@668f503e]
2021-09-21T08:27:02.727-0400 [DEBUG] [org.gradle.launcher.daemon.server.DefaultIncomingConnectionHandler] Finishing executing command: Build{id=8965ad8c-407c-4532-86f4-25e958ead525, currentDir=C:\Users\taghr\AndroidStudioProjects\MoMoneyNoProblem}
2021-09-21T08:27:02.730-0400 [DEBUG] [org.gradle.launcher.daemon.server.SynchronizedDispatchConnection] thread 20: received class org.gradle.launcher.daemon.protocol.Finished
2021-09-21T08:27:02.730-0400 [DEBUG] [org.gradle.launcher.daemon.server.DefaultDaemonConnection] thread 20: Received non-IO message from client: org.gradle.launcher.daemon.protocol.Finished@77ae3cf6
2021-09-21T08:27:02.730-0400 [DEBUG] [org.gradle.launcher.daemon.server.DefaultIncomingConnectionHandler] Received finished message: org.gradle.launcher.daemon.protocol.Finished@77ae3cf6
2021-09-21T08:27:02.731-0400 [DEBUG] [org.gradle.launcher.daemon.server.SynchronizedDispatchConnection] thread 19: stopping connection
2021-09-21T08:27:02.732-0400 [DEBUG] [org.gradle.internal.remote.internal.inet.SocketConnection] Discarding EOFException: java.io.EOFException
2021-09-21T08:27:02.732-0400 [DEBUG] [org.gradle.launcher.daemon.server.SynchronizedDispatchConnection] thread 20: received null
2021-09-21T08:27:02.732-0400 [DEBUG] [org.gradle.launcher.daemon.server.DefaultDaemonConnection] thread 20: Received end-of-input from client.
2021-09-21T08:27:02.733-0400 [DEBUG] [org.gradle.launcher.daemon.server.SynchronizedDispatchConnection] thread 19: stopping connection
2021-09-21T08:27:05.555-0400 [DEBUG] [org.gradle.cache.internal.DefaultFileLockManager] Waiting to acquire shared lock on daemon addresses registry.
2021-09-21T08:27:05.555-0400 [DEBUG] [org.gradle.cache.internal.DefaultFileLockManager] Lock acquired on daemon addresses registry.
2021-09-21T08:27:05.556-0400 [DEBUG] [org.gradle.cache.internal.DefaultFileLockManager] Releasing lock on daemon addresses registry.
2021-09-21T08:27:05.560-0400 [DEBUG] [org.gradle.cache.internal.DefaultFileLockManager] Waiting to acquire shared lock on daemon addresses registry.
2021-09-21T08:27:05.560-0400 [DEBUG] [org.gradle.cache.internal.DefaultFileLockManager] Lock acquired on daemon addresses registry.
2021-09-21T08:27:05.561-0400 [DEBUG] [org.gradle.cache.internal.DefaultFileLockManager] Releasing lock on daemon addresses registry.
2021-09-21T08:27:06.034-0400 [DEBUG] [org.gradle.process.internal.health.memory.DefaultMemoryManager] 836709990 memory requested, 358150144 free
2021-09-21T08:27:06.035-0400 [DEBUG] [org.gradle.workers.internal.WorkerDaemonExpiration] Will attempt to release 797 of memory
2021-09-21T08:27:06.035-0400 [DEBUG] [org.gradle.process.internal.health.memory.DefaultMemoryManager] 836709990 memory requested, 0 released, 358150144 free
2021-09-21T08:27:11.023-0400 [DEBUG] [org.gradle.process.internal.health.memory.DefaultMemoryManager] 836709990 memory requested, 393285632 free
2021-09-21T08:27:11.024-0400 [DEBUG] [org.gradle.workers.internal.WorkerDaemonExpiration] Will attempt to release 797 of memory
2021-09-21T08:27:11.024-0400 [DEBUG] [org.gradle.process.internal.health.memory.DefaultMemoryManager] 836709990 memory requested, 0 released, 393285632 free
2021-09-21T08:27:15.557-0400 [DEBUG] [org.gradle.cache.internal.DefaultFileLockManager] Waiting to acquire shared lock on daemon addresses registry.
2021-09-21T08:27:15.558-0400 [DEBUG] [org.gradle.cache.internal.DefaultFileLockManager] Lock acquired on daemon addresses registry.
2021-09-21T08:27:15.559-0400 [DEBUG] [org.gradle.cache.internal.DefaultFileLockManager] Releasing lock on daemon addresses registry.
2021-09-21T08:27:15.562-0400 [DEBUG] [org.gradle.cache.internal.DefaultFileLockManager] Waiting to acquire shared lock on daemon addresses registry.
2021-09-21T08:27:15.562-0400 [DEBUG] [org.gradle.cache.internal.DefaultFileLockManager] Lock acquired on daemon addresses registry.
2021-09-21T08:27:15.563-0400 [DEBUG] [org.gradle.cache.internal.DefaultFileLockManager] Releasing lock on daemon addresses registry.
2021-09-21T08:27:15.566-0400 [DEBUG] [org.gradle.cache.internal.DefaultFileLockManager] Waiting to acquire shared lock on daemon addresses registry.
2021-09-21T08:27:15.566-0400 [DEBUG] [org.gradle.cache.internal.DefaultFileLockManager] Lock acquired on daemon addresses registry.
2021-09-21T08:27:15.567-0400 [DEBUG] [org.gradle.cache.internal.DefaultFileLockManager] Releasing lock on daemon addresses registry.
2021-09-21T08:27:16.030-0400 [DEBUG] [org.gradle.process.internal.health.memory.DefaultMemoryManager] 836709990 memory requested, 410099712 free
2021-09-21T08:27:16.031-0400 [DEBUG] [org.gradle.workers.internal.WorkerDaemonExpiration] Will attempt to release 797 of memory
2021-09-21T08:27:16.031-0400 [DEBUG] [org.gradle.process.internal.health.memory.DefaultMemoryManager] 836709990 memory requested, 0 released, 410099712 free
2021-09-21T08:27:21.025-0400 [DEBUG] [org.gradle.process.internal.health.memory.DefaultMemoryManager] 836709990 memory requested, 423976960 free
2021-09-21T08:27:21.025-0400 [DEBUG] [org.gradle.workers.internal.WorkerDaemonExpiration] Will attempt to release 797 of memory
2021-09-21T08:27:21.025-0400 [DEBUG] [org.gradle.process.internal.health.memory.DefaultMemoryManager] 836709990 memory requested, 0 released, 423976960 free
2021-09-21T08:27:25.557-0400 [DEBUG] [org.gradle.cache.internal.DefaultFileLockManager] Waiting to acquire shared lock on daemon addresses registry.
2021-09-21T08:27:25.557-0400 [DEBUG] [org.gradle.cache.internal.DefaultFileLockManager] Lock acquired on daemon addresses registry.
2021-09-21T08:27:25.558-0400 [DEBUG] [org.gradle.cache.internal.DefaultFileLockManager] Releasing lock on daemon addresses registry.
2021-09-21T08:27:25.561-0400 [DEBUG] [org.gradle.cache.internal.DefaultFileLockManager] Waiting to acquire shared lock on daemon addresses registry.
2021-09-21T08:27:25.561-0400 [DEBUG] [org.gradle.cache.internal.DefaultFileLockManager] Lock acquired on daemon addresses registry.
2021-09-21T08:27:25.562-0400 [DEBUG] [org.gradle.cache.internal.DefaultFileLockManager] Releasing lock on daemon addresses registry.
2021-09-21T08:27:25.564-0400 [DEBUG] [org.gradle.cache.internal.DefaultFileLockManager] Waiting to acquire shared lock on daemon addresses registry.
2021-09-21T08:27:25.564-0400 [DEBUG] [org.gradle.cache.internal.DefaultFileLockManager] Lock acquired on daemon addresses registry.
2021-09-21T08:27:25.565-0400 [DEBUG] [org.gradle.cache.internal.DefaultFileLockManager] Releasing lock on daemon addresses registry.
2021-09-21T08:27:26.028-0400 [DEBUG] [org.gradle.process.internal.health.memory.DefaultMemoryManager] 836709990 memory requested, 488792064 free
2021-09-21T08:27:26.028-0400 [DEBUG] [org.gradle.workers.internal.WorkerDaemonExpiration] Will attempt to release 797 of memory
2021-09-21T08:27:26.028-0400 [DEBUG] [org.gradle.process.internal.health.memory.DefaultMemoryManager] 836709990 memory requested, 0 released, 488792064 free
2021-09-21T08:27:31.030-0400 [DEBUG] [org.gradle.process.internal.health.memory.DefaultMemoryManager] 836709990 memory requested, 445222912 free
2021-09-21T08:27:31.031-0400 [DEBUG] [org.gradle.workers.internal.WorkerDaemonExpiration] Will attempt to release 797 of memory
2021-09-21T08:27:31.031-0400 [DEBUG] [org.gradle.process.internal.health.memory.DefaultMemoryManager] 836709990 memory requested, 0 released, 445222912 free
2021-09-21T08:27:35.545-0400 [DEBUG] [org.gradle.cache.internal.DefaultFileLockManager] Waiting to acquire shared lock on daemon addresses registry.
2021-09-21T08:27:35.545-0400 [DEBUG] [org.gradle.cache.internal.DefaultFileLockManager] Lock acquired on daemon addresses registry.
2021-09-21T08:27:35.546-0400 [DEBUG] [org.gradle.cache.internal.DefaultFileLockManager] Releasing lock on daemon addresses registry.
2021-09-21T08:27:35.548-0400 [DEBUG] [org.gradle.cache.internal.DefaultFileLockManager] Waiting to acquire shared lock on daemon addresses registry.
2021-09-21T08:27:35.548-0400 [DEBUG] [org.gradle.cache.internal.DefaultFileLockManager] Lock acquired on daemon addresses registry.
2021-09-21T08:27:35.549-0400 [DEBUG] [org.gradle.cache.internal.DefaultFileLockManager] Releasing lock on daemon addresses registry.
2021-09-21T08:27:35.550-0400 [DEBUG] [org.gradle.cache.internal.DefaultFileLockManager] Waiting to acquire shared lock on daemon addresses registry.
2021-09-21T08:27:35.551-0400 [DEBUG] [org.gradle.cache.internal.DefaultFileLockManager] Lock acquired on daemon addresses registry.
2021-09-21T08:27:35.552-0400 [DEBUG] [org.gradle.cache.internal.DefaultFileLockManager] Releasing lock on daemon addresses registry.
2021-09-21T08:27:36.025-0400 [DEBUG] [org.gradle.process.internal.health.memory.DefaultMemoryManager] 836709990 memory requested, 676634624 free
2021-09-21T08:27:36.025-0400 [DEBUG] [org.gradle.workers.internal.WorkerDaemonExpiration] Will attempt to release 797 of memory
2021-09-21T08:27:36.025-0400 [DEBUG] [org.gradle.process.internal.health.memory.DefaultMemoryManager] 836709990 memory requested, 0 released, 676634624 free
2021-09-21T08:27:41.032-0400 [DEBUG] [org.gradle.process.internal.health.memory.DefaultMemoryManager] 836709990 memory requested, 648146944 free
2021-09-21T08:27:41.033-0400 [DEBUG] [org.gradle.workers.internal.WorkerDaemonExpiration] Will attempt to release 797 of memory
2021-09-21T08:27:41.033-0400 [DEBUG] [org.gradle.process.internal.health.memory.DefaultMemoryManager] 836709990 memory requested, 0 released, 648146944 free
2021-09-21T08:27:45.549-0400 [DEBUG] [org.gradle.cache.internal.DefaultFileLockManager] Waiting to acquire shared lock on daemon addresses registry.
2021-09-21T08:27:45.549-0400 [DEBUG] [org.gradle.cache.internal.DefaultFileLockManager] Lock acquired on daemon addresses registry.
2021-09-21T08:27:45.550-0400 [DEBUG] [org.gradle.cache.internal.DefaultFileLockManager] Releasing lock on daemon addresses registry.
2021-09-21T08:27:45.552-0400 [DEBUG] [org.gradle.cache.internal.DefaultFileLockManager] Waiting to acquire shared lock on daemon addresses registry.
2021-09-21T08:27:45.552-0400 [DEBUG] [org.gradle.cache.internal.DefaultFileLockManager] Lock acquired on daemon addresses registry.
2021-09-21T08:27:45.553-0400 [DEBUG] [org.gradle.cache.internal.DefaultFileLockManager] Releasing lock on daemon addresses registry.
2021-09-21T08:27:45.555-0400 [DEBUG] [org.gradle.cache.internal.DefaultFileLockManager] Waiting to acquire shared lock on daemon addresses registry.
2021-09-21T08:27:45.555-0400 [DEBUG] [org.gradle.cache.internal.DefaultFileLockManager] Lock acquired on daemon addresses registry.
2021-09-21T08:27:45.555-0400 [DEBUG] [org.gradle.cache.internal.DefaultFileLockManager] Releasing lock on daemon addresses registry.
2021-09-21T08:27:46.024-0400 [DEBUG] [org.gradle.process.internal.health.memory.DefaultMemoryManager] 836709990 memory requested, 653471744 free
2021-09-21T08:27:46.024-0400 [DEBUG] [org.gradle.workers.internal.WorkerDaemonExpiration] Will attempt to release 797 of memory
2021-09-21T08:27:46.024-0400 [DEBUG] [org.gradle.process.internal.health.memory.DefaultMemoryManager] 836709990 memory requested, 0 released, 653471744 free
2021-09-21T08:27:51.033-0400 [DEBUG] [org.gradle.process.internal.health.memory.DefaultMemoryManager] 836709990 memory requested, 690237440 free
2021-09-21T08:27:51.033-0400 [DEBUG] [org.gradle.workers.internal.WorkerDaemonExpiration] Will attempt to release 797 of memory
2021-09-21T08:27:51.033-0400 [DEBUG] [org.gradle.process.internal.health.memory.DefaultMemoryManager] 836709990 memory requested, 0 released, 690237440 free
2021-09-21T08:27:55.555-0400 [DEBUG] [org.gradle.cache.internal.DefaultFileLockManager] Waiting to acquire shared lock on daemon addresses registry.
2021-09-21T08:27:55.555-0400 [DEBUG] [org.gradle.cache.internal.DefaultFileLockManager] Lock acquired on daemon addresses registry.
2021-09-21T08:27:55.556-0400 [DEBUG] [org.gradle.cache.internal.DefaultFileLockManager] Releasing lock on daemon addresses registry.
2021-09-21T08:27:55.557-0400 [DEBUG] [org.gradle.cache.internal.DefaultFileLockManager] Waiting to acquire shared lock on daemon addresses registry.
2021-09-21T08:27:55.557-0400 [DEBUG] [org.gradle.cache.internal.DefaultFileLockManager] Lock acquired on daemon addresses registry.
2021-09-21T08:27:55.557-0400 [DEBUG] [org.gradle.cache.internal.DefaultFileLockManager] Releasing lock on daemon addresses registry.
2021-09-21T08:27:55.558-0400 [DEBUG] [org.gradle.cache.internal.DefaultFileLockManager] Waiting to acquire shared lock on daemon addresses registry.
2021-09-21T08:27:55.559-0400 [DEBUG] [org.gradle.cache.internal.DefaultFileLockManager] Lock acquired on daemon addresses registry.
2021-09-21T08:27:55.559-0400 [DEBUG] [org.gradle.cache.internal.DefaultFileLockManager] Releasing lock on daemon addresses registry.
2021-09-21T08:27:56.027-0400 [DEBUG] [org.gradle.process.internal.health.memory.DefaultMemoryManager] 836709990 memory requested, 669712384 free
2021-09-21T08:27:56.027-0400 [DEBUG] [org.gradle.workers.internal.WorkerDaemonExpiration] Will attempt to release 797 of memory
2021-09-21T08:27:56.027-0400 [DEBUG] [org.gradle.process.internal.health.memory.DefaultMemoryManager] 836709990 memory requested, 0 released, 669712384 free
2021-09-21T08:28:01.022-0400 [DEBUG] [org.gradle.process.internal.health.memory.DefaultMemoryManager] 836709990 memory requested, 595767296 free
2021-09-21T08:28:01.022-0400 [DEBUG] [org.gradle.workers.internal.WorkerDaemonExpiration] Will attempt to release 797 of memory
2021-09-21T08:28:01.022-0400 [DEBUG] [org.gradle.process.internal.health.memory.DefaultMemoryManager] 836709990 memory requested, 0 released, 595767296 free
2021-09-21T08:28:05.551-0400 [DEBUG] [org.gradle.cache.internal.DefaultFileLockManager] Waiting to acquire shared lock on daemon addresses registry.
2021-09-21T08:28:05.552-0400 [DEBUG] [org.gradle.cache.internal.DefaultFileLockManager] Lock acquired on daemon addresses registry.
2021-09-21T08:28:05.552-0400 [DEBUG] [org.gradle.cache.internal.DefaultFileLockManager] Releasing lock on daemon addresses registry.
2021-09-21T08:28:05.555-0400 [DEBUG] [org.gradle.cache.internal.DefaultFileLockManager] Waiting to acquire shared lock on daemon addresses registry.
2021-09-21T08:28:05.555-0400 [DEBUG] [org.gradle.cache.internal.DefaultFileLockManager] Lock acquired on daemon addresses registry.
2021-09-21T08:28:05.555-0400 [DEBUG] [org.gradle.cache.internal.DefaultFileLockManager] Releasing lock on daemon addresses registry.
2021-09-21T08:28:05.557-0400 [DEBUG] [org.gradle.cache.internal.DefaultFileLockManager] Waiting to acquire shared lock on daemon addresses registry.
2021-09-21T08:28:05.557-0400 [DEBUG] [org.gradle.cache.internal.DefaultFileLockManager] Lock acquired on daemon addresses registry.
2021-09-21T08:28:05.557-0400 [DEBUG] [org.gradle.cache.internal.DefaultFileLockManager] Releasing lock on daemon addresses registry.
2021-09-21T08:28:06.020-0400 [DEBUG] [org.gradle.process.internal.health.memory.DefaultMemoryManager] 836709990 memory requested, 675024896 free
2021-09-21T08:28:06.021-0400 [DEBUG] [org.gradle.workers.internal.WorkerDaemonExpiration] Will attempt to release 797 of memory
2021-09-21T08:28:06.021-0400 [DEBUG] [org.gradle.process.internal.health.memory.DefaultMemoryManager] 836709990 memory requested, 0 released, 675024896 free
2021-09-21T08:28:11.032-0400 [DEBUG] [org.gradle.process.internal.health.memory.DefaultMemoryManager] 836709990 memory requested, 655880192 free
2021-09-21T08:28:11.032-0400 [DEBUG] [org.gradle.workers.internal.WorkerDaemonExpiration] Will attempt to release 797 of memory
2021-09-21T08:28:11.032-0400 [DEBUG] [org.gradle.process.internal.health.memory.DefaultMemoryManager] 836709990 memory requested, 0 released, 655880192 free
2021-09-21T08:28:15.543-0400 [DEBUG] [org.gradle.cache.internal.DefaultFileLockManager] Waiting to acquire shared lock on daemon addresses registry.
2021-09-21T08:28:15.544-0400 [DEBUG] [org.gradle.cache.internal.DefaultFileLockManager] Lock acquired on daemon addresses registry.
2021-09-21T08:28:15.544-0400 [DEBUG] [org.gradle.cache.internal.DefaultFileLockManager] Releasing lock on daemon addresses registry.
2021-09-21T08:28:15.546-0400 [DEBUG] [org.gradle.cache.internal.DefaultFileLockManager] Waiting to acquire shared lock on daemon addresses registry.
2021-09-21T08:28:15.546-0400 [DEBUG] [org.gradle.cache.internal.DefaultFileLockManager] Lock acquired on daemon addresses registry.
2021-09-21T08:28:15.546-0400 [DEBUG] [org.gradle.cache.internal.DefaultFileLockManager] Releasing lock on daemon addresses registry.
2021-09-21T08:28:15.547-0400 [DEBUG] [org.gradle.cache.internal.DefaultFileLockManager] Waiting to acquire shared lock on daemon addresses registry.
2021-09-21T08:28:15.547-0400 [DEBUG] [org.gradle.cache.internal.DefaultFileLockManager] Lock acquired on daemon addresses registry.
2021-09-21T08:28:15.548-0400 [DEBUG] [org.gradle.cache.internal.DefaultFileLockManager] Releasing lock on daemon addresses registry.
2021-09-21T08:28:16.026-0400 [DEBUG] [org.gradle.process.internal.health.memory.DefaultMemoryManager] 836709990 memory requested, 652984320 free
2021-09-21T08:28:16.026-0400 [DEBUG] [org.gradle.workers.internal.WorkerDaemonExpiration] Will attempt to release 797 of memory
2021-09-21T08:28:16.026-0400 [DEBUG] [org.gradle.process.internal.health.memory.DefaultMemoryManager] 836709990 memory requested, 0 released, 652984320 free
2021-09-21T08:28:21.034-0400 [DEBUG] [org.gradle.process.internal.health.memory.DefaultMemoryManager] 836709990 memory requested, 644186112 free
2021-09-21T08:28:21.034-0400 [DEBUG] [org.gradle.workers.internal.WorkerDaemonExpiration] Will attempt to release 797 of memory
2021-09-21T08:28:21.034-0400 [DEBUG] [org.gradle.process.internal.health.memory.DefaultMemoryManager] 836709990 memory requested, 0 released, 644186112 free
2021-09-21T08:28:25.553-0400 [DEBUG] [org.gradle.cache.internal.DefaultFileLockManager] Waiting to acquire shared lock on daemon addresses registry.
2021-09-21T08:28:25.554-0400 [DEBUG] [org.gradle.cache.internal.DefaultFileLockManager] Lock acquired on daemon addresses registry.
2021-09-21T08:28:25.554-0400 [DEBUG] [org.gradle.cache.internal.DefaultFileLockManager] Releasing lock on daemon addresses registry.
2021-09-21T08:28:25.556-0400 [DEBUG] [org.gradle.cache.internal.DefaultFileLockManager] Waiting to acquire shared lock on daemon addresses registry.
2021-09-21T08:28:25.556-0400 [DEBUG] [org.gradle.cache.internal.DefaultFileLockManager] Lock acquired on daemon addresses registry.
2021-09-21T08:28:25.557-0400 [DEBUG] [org.gradle.cache.internal.DefaultFileLockManager] Releasing lock on daemon addresses registry.
2021-09-21T08:28:25.558-0400 [DEBUG] [org.gradle.cache.internal.DefaultFileLockManager] Waiting to acquire shared lock on daemon addresses registry.
2021-09-21T08:28:25.558-0400 [DEBUG] [org.gradle.cache.internal.DefaultFileLockManager] Lock acquired on daemon addresses registry.
2021-09-21T08:28:25.558-0400 [DEBUG] [org.gradle.cache.internal.DefaultFileLockManager] Releasing lock on daemon addresses registry.
2021-09-21T08:28:26.025-0400 [DEBUG] [org.gradle.process.internal.health.memory.DefaultMemoryManager] 836709990 memory requested, 577843200 free
2021-09-21T08:28:26.025-0400 [DEBUG] [org.gradle.workers.internal.WorkerDaemonExpiration] Will attempt to release 797 of memory
2021-09-21T08:28:26.026-0400 [DEBUG] [org.gradle.process.internal.health.memory.DefaultMemoryManager] 836709990 memory requested, 0 released, 577843200 free
2021-09-21T08:28:31.026-0400 [DEBUG] [org.gradle.process.internal.health.memory.DefaultMemoryManager] 836709990 memory requested, 554639360 free
2021-09-21T08:28:31.027-0400 [DEBUG] [org.gradle.workers.internal.WorkerDaemonExpiration] Will attempt to release 797 of memory
2021-09-21T08:28:31.027-0400 [DEBUG] [org.gradle.process.internal.health.memory.DefaultMemoryManager] 836709990 memory requested, 0 released, 554639360 free
2021-09-21T08:28:35.554-0400 [DEBUG] [org.gradle.cache.internal.DefaultFileLockManager] Waiting to acquire shared lock on daemon addresses registry.
2021-09-21T08:28:35.554-0400 [DEBUG] [org.gradle.cache.internal.DefaultFileLockManager] Lock acquired on daemon addresses registry.
2021-09-21T08:28:35.556-0400 [DEBUG] [org.gradle.cache.internal.DefaultFileLockManager] Releasing lock on daemon addresses registry.
2021-09-21T08:28:35.559-0400 [DEBUG] [org.gradle.cache.internal.DefaultFileLockManager] Waiting to acquire shared lock on daemon addresses registry.
2021-09-21T08:28:35.559-0400 [DEBUG] [org.gradle.cache.internal.DefaultFileLockManager] Lock acquired on daemon addresses registry.
2021-09-21T08:28:35.560-0400 [DEBUG] [org.gradle.cache.internal.DefaultFileLockManager] Releasing lock on daemon addresses registry.
2021-09-21T08:28:35.564-0400 [DEBUG] [org.gradle.cache.internal.DefaultFileLockManager] Waiting to acquire shared lock on daemon addresses registry.
2021-09-21T08:28:35.564-0400 [DEBUG] [org.gradle.cache.internal.DefaultFileLockManager] Lock acquired on daemon addresses registry.
2021-09-21T08:28:35.565-0400 [DEBUG] [org.gradle.cache.internal.DefaultFileLockManager] Releasing lock on daemon addresses registry.
2021-09-21T08:28:36.021-0400 [DEBUG] [org.gradle.process.internal.health.memory.DefaultMemoryManager] 836709990 memory requested, 544796672 free
2021-09-21T08:28:36.021-0400 [DEBUG] [org.gradle.workers.internal.WorkerDaemonExpiration] Will attempt to release 797 of memory
2021-09-21T08:28:36.022-0400 [DEBUG] [org.gradle.process.internal.health.memory.DefaultMemoryManager] 836709990 memory requested, 0 released, 544796672 free
2021-09-21T08:28:40.550-0400 [DEBUG] [org.gradle.internal.watch.vfs.impl.WatchingVirtualFileSystem] Handling VFS change MODIFIED C:\Users\taghr\AndroidStudioProjects\MoMoneyNoProblem\app\build\intermediates\manifest_merge_blame_file\debug
2021-09-21T08:28:40.551-0400 [DEBUG] [org.gradle.internal.watch.vfs.impl.WatchingVirtualFileSystem] Handling VFS change MODIFIED C:\Users\taghr\AndroidStudioProjects\MoMoneyNoProblem\app\build\intermediates\merged_manifest\debug
2021-09-21T08:28:40.555-0400 [DEBUG] [org.gradle.internal.watch.vfs.impl.WatchingVirtualFileSystem] Handling VFS change MODIFIED C:\Users\taghr\AndroidStudioProjects\MoMoneyNoProblem\app\build\outputs\logs
2021-09-21T08:28:45.548-0400 [DEBUG] [org.gradle.cache.internal.DefaultFileLockManager] Waiting to acquire shared lock on daemon addresses registry.
2021-09-21T08:28:45.548-0400 [DEBUG] [org.gradle.cache.internal.DefaultFileLockManager] Lock acquired on daemon addresses registry.
2021-09-21T08:28:45.548-0400 [DEBUG] [org.gradle.cache.internal.DefaultFileLockManager] Releasing lock on daemon addresses registry.
2021-09-21T08:28:45.550-0400 [DEBUG] [org.gradle.cache.internal.DefaultFileLockManager] Waiting to acquire shared lock on daemon addresses registry.
2021-09-21T08:28:45.550-0400 [DEBUG] [org.gradle.cache.internal.DefaultFileLockManager] Lock acquired on daemon addresses registry.
2021-09-21T08:28:45.550-0400 [DEBUG] [org.gradle.cache.internal.DefaultFileLockManager] Releasing lock on daemon addresses registry.
2021-09-21T08:28:45.551-0400 [DEBUG] [org.gradle.cache.internal.DefaultFileLockManager] Waiting to acquire shared lock on daemon addresses registry.
2021-09-21T08:28:45.551-0400 [DEBUG] [org.gradle.cache.internal.DefaultFileLockManager] Lock acquired on daemon addresses registry.
2021-09-21T08:28:45.552-0400 [DEBUG] [org.gradle.cache.internal.DefaultFileLockManager] Releasing lock on daemon addresses registry.
2021-09-21T08:28:47.879-0400 [DEBUG] [org.gradle.internal.remote.internal.inet.TcpIncomingConnector] Accepted connection from /127.0.0.1:58591 to /127.0.0.1:63523.
2021-09-21T08:28:50.932-0400 [DEBUG] [org.gradle.launcher.daemon.server.SynchronizedDispatchConnection] thread 87: received class org.gradle.launcher.daemon.protocol.StopWhenIdle
2021-09-21T08:28:50.932-0400 [DEBUG] [org.gradle.launcher.daemon.server.DefaultDaemonConnection] thread 87: Received non-IO message from client: StopWhenIdle[id=cbecbc42-16eb-432d-89fb-a31fb1d15020]
2021-09-21T08:28:50.932-0400 [INFO] [org.gradle.launcher.daemon.server.DefaultIncomingConnectionHandler] Received command: StopWhenIdle[id=cbecbc42-16eb-432d-89fb-a31fb1d15020].
2021-09-21T08:28:51.175-0400 [DEBUG] [org.gradle.launcher.daemon.server.DefaultIncomingConnectionHandler] Starting executing command: StopWhenIdle[id=cbecbc42-16eb-432d-89fb-a31fb1d15020] with connection: socket connection from /127.0.0.1:63523 to /127.0.0.1:58591.
2021-09-21T08:28:51.442-0400 [DEBUG] [org.gradle.launcher.daemon.server.DaemonRegistryUpdater] Storing daemon stop event: stop command received
2021-09-21T08:28:54.571-0400 [DEBUG] [org.gradle.launcher.daemon.registry.PersistentDaemonRegistry] Storing daemon stop event with timestamp 1632227331442
2021-09-21T08:28:54.573-0400 [DEBUG] [org.gradle.cache.internal.DefaultFileLockManager] Waiting to acquire exclusive lock on daemon addresses registry.
2021-09-21T08:28:54.574-0400 [DEBUG] [org.gradle.cache.internal.DefaultFileLockManager] Lock acquired on daemon addresses registry.
2021-09-21T08:28:54.804-0400 [DEBUG] [org.gradle.cache.internal.DefaultFileLockManager] Releasing lock on daemon addresses registry.
2021-09-21T08:28:54.850-0400 [LIFECYCLE] [org.gradle.launcher.daemon.server.DaemonStateCoordinator] Daemon will be stopped at the end of the build stop command received
2021-09-21T08:28:54.850-0400 [DEBUG] [org.gradle.launcher.daemon.server.DaemonStateCoordinator] Marking daemon stopped due to stop command received. The daemon is running a build: false
2021-09-21T08:28:54.850-0400 [DEBUG] [org.gradle.launcher.daemon.server.DaemonStateCoordinator] daemon has stopped.
2021-09-21T08:28:54.850-0400 [DEBUG] [org.gradle.launcher.daemon.server.SynchronizedDispatchConnection] thread 86: dispatching Success[value=null]
2021-09-21T08:28:54.851-0400 [DEBUG] [org.gradle.launcher.daemon.server.Daemon] stop() called on daemon
2021-09-21T08:28:54.851-0400 [INFO] [org.gradle.launcher.daemon.server.Daemon] Stop requested. Daemon is removing its presence from the registry...
2021-09-21T08:28:54.851-0400 [DEBUG] [org.gradle.launcher.daemon.server.DefaultIncomingConnectionHandler] Finishing executing command: StopWhenIdle[id=cbecbc42-16eb-432d-89fb-a31fb1d15020]
2021-09-21T08:28:55.350-0400 [DEBUG] [org.gradle.launcher.daemon.server.DaemonRegistryUpdater] Removing our presence to clients, eg. removing this address from the registry: [bb706a7d-e39d-433d-bb7b-acd66fa6227a port:63523, addresses:[localhost/127.0.0.1]]
2021-09-21T08:28:55.350-0400 [DEBUG] [org.gradle.launcher.daemon.registry.PersistentDaemonRegistry] Removing daemon address: [bb706a7d-e39d-433d-bb7b-acd66fa6227a port:63523, addresses:[localhost/127.0.0.1]]
2021-09-21T08:28:55.351-0400 [DEBUG] [org.gradle.cache.internal.DefaultFileLockManager] Waiting to acquire exclusive lock on daemon addresses registry.
2021-09-21T08:28:55.352-0400 [DEBUG] [org.gradle.cache.internal.DefaultFileLockManager] Lock acquired on daemon addresses registry.
2021-09-21T08:28:55.354-0400 [DEBUG] [org.gradle.cache.internal.DefaultFileLockManager] Releasing lock on daemon addresses registry.
2021-09-21T08:28:55.356-0400 [DEBUG] [org.gradle.launcher.daemon.server.DaemonRegistryUpdater] Address removed from registry.
2021-09-21T08:29:11.835-0400 [DEBUG] [org.gradle.internal.remote.internal.inet.SocketConnection] Discarding EOFException: java.io.EOFException
2021-09-21T08:29:11.835-0400 [DEBUG] [org.gradle.launcher.daemon.server.SynchronizedDispatchConnection] thread 87: received null
2021-09-21T08:29:11.835-0400 [DEBUG] [org.gradle.launcher.daemon.server.DefaultDaemonConnection] thread 87: Received end-of-input from client.
2021-09-21T08:29:11.835-0400 [DEBUG] [org.gradle.launcher.daemon.server.DefaultIncomingConnectionHandler] Received finished message: null
2021-09-21T08:29:11.835-0400 [DEBUG] [org.gradle.launcher.daemon.server.SynchronizedDispatchConnection] thread 86: stopping connection
2021-09-21T08:29:11.837-0400 [DEBUG] [org.gradle.launcher.daemon.server.SynchronizedDispatchConnection] thread 86: stopping connection
2021-09-21T08:29:11.863-0400 [DEBUG] [org.gradle.cache.internal.LockOnDemandCrossProcessCacheAccess] Releasing file lock for jars (C:\Users\taghr\AndroidStudioProjects\MoMoneyNoProblem\caches\jars-8)
2021-09-21T08:29:11.865-0400 [DEBUG] [org.gradle.cache.internal.DefaultFileLockManager] Releasing lock on jars (C:\Users\taghr\AndroidStudioProjects\MoMoneyNoProblem\caches\jars-8).
2021-09-21T08:29:11.868-0400 [DEBUG] [org.gradle.cache.internal.DefaultPersistentDirectoryStore] jars (C:\Users\taghr\AndroidStudioProjects\MoMoneyNoProblem\caches\jars-8) has last been fully cleaned up 25 hours ago
2021-09-21T08:29:11.917-0400 [DEBUG] [org.gradle.cache.internal.AbstractCacheCleanup] jars (C:\Users\taghr\AndroidStudioProjects\MoMoneyNoProblem\caches\jars-8) cleanup deleted 0 files/directories.
2021-09-21T08:29:11.919-0400 [INFO] [org.gradle.cache.internal.LeastRecentlyUsedCacheCleanup] jars (C:\Users\taghr\AndroidStudioProjects\MoMoneyNoProblem\caches\jars-8) removing files not accessed on or after Tue Sep 14 08:26:16 EDT 2021.
2021-09-21T08:29:11.968-0400 [DEBUG] [org.gradle.cache.internal.AbstractCacheCleanup] jars (C:\Users\taghr\AndroidStudioProjects\MoMoneyNoProblem\caches\jars-8) cleanup deleted 0 files/directories.
2021-09-21T08:29:11.970-0400 [INFO] [org.gradle.cache.internal.DefaultPersistentDirectoryStore] jars (C:\Users\taghr\AndroidStudioProjects\MoMoneyNoProblem\caches\jars-8) cleaned up in 0.101 secs.
2021-09-21T08:29:12.037-0400 [DEBUG] [org.gradle.cache.internal.LockOnDemandCrossProcessCacheAccess] Releasing file lock for file content cache (C:\Users\taghr\AndroidStudioProjects\MoMoneyNoProblem\caches\7.0.2\fileContent)
2021-09-21T08:29:12.037-0400 [DEBUG] [org.gradle.cache.internal.DefaultFileLockManager] Releasing lock on file content cache (C:\Users\taghr\AndroidStudioProjects\MoMoneyNoProblem\caches\7.0.2\fileContent).
2021-09-21T08:29:12.045-0400 [DEBUG] [org.gradle.cache.internal.LockOnDemandCrossProcessCacheAccess] Releasing file lock for Java compile cache (C:\Users\taghr\AndroidStudioProjects\MoMoneyNoProblem\caches\7.0.2\javaCompile)
2021-09-21T08:29:12.047-0400 [DEBUG] [org.gradle.cache.internal.btree.BTreePersistentIndexedCache] Closing cache jarAnalysis.bin (C:\Users\taghr\AndroidStudioProjects\MoMoneyNoProblem\caches\7.0.2\javaCompile\jarAnalysis.bin)
2021-09-21T08:29:12.048-0400 [DEBUG] [org.gradle.cache.internal.DefaultFileLockManager] Releasing lock on Java compile cache (C:\Users\taghr\AndroidStudioProjects\MoMoneyNoProblem\caches\7.0.2\javaCompile).
2021-09-21T08:29:12.062-0400 [DEBUG] [org.gradle.internal.watch.registry.impl.DefaultFileWatcherRegistry] Finished listening to file system change events
2021-09-21T08:29:12.062-0400 [DEBUG] [org.gradle.cache.internal.LockOnDemandCrossProcessCacheAccess] Releasing file lock for Artifact transforms cache (C:\Users\taghr\AndroidStudioProjects\MoMoneyNoProblem\caches\transforms-3)
2021-09-21T08:29:12.063-0400 [DEBUG] [org.gradle.cache.internal.DefaultFileLockManager] Releasing lock on Artifact transforms cache (C:\Users\taghr\AndroidStudioProjects\MoMoneyNoProblem\caches\transforms-3).
2021-09-21T08:29:12.066-0400 [DEBUG] [org.gradle.cache.internal.DefaultPersistentDirectoryStore] Artifact transforms cache (C:\Users\taghr\AndroidStudioProjects\MoMoneyNoProblem\caches\transforms-3) has last been fully cleaned up 25 hours ago
2021-09-21T08:29:12.067-0400 [INFO] [org.gradle.cache.internal.LeastRecentlyUsedCacheCleanup] Artifact transforms cache (C:\Users\taghr\AndroidStudioProjects\MoMoneyNoProblem\caches\transforms-3) removing files not accessed on or after Tue Sep 14 08:26:17 EDT 2021.
2021-09-21T08:29:12.138-0400 [DEBUG] [org.gradle.cache.internal.AbstractCacheCleanup] Artifact transforms cache (C:\Users\taghr\AndroidStudioProjects\MoMoneyNoProblem\caches\transforms-3) cleanup deleted 0 files/directories.
2021-09-21T08:29:12.141-0400 [INFO] [org.gradle.cache.internal.DefaultPersistentDirectoryStore] Artifact transforms cache (C:\Users\taghr\AndroidStudioProjects\MoMoneyNoProblem\caches\transforms-3) cleaned up in 0.074 secs.
2021-09-21T08:29:12.143-0400 [DEBUG] [org.gradle.cache.internal.LockOnDemandCrossProcessCacheAccess] Releasing file lock for artifact cache (C:\Users\taghr\AndroidStudioProjects\MoMoneyNoProblem\caches\modules-2)
2021-09-21T08:29:12.145-0400 [DEBUG] [org.gradle.cache.internal.btree.BTreePersistentIndexedCache] Closing cache module-metadata.bin (C:\Users\taghr\AndroidStudioProjects\MoMoneyNoProblem\caches\modules-2\metadata-2.97\module-metadata.bin)
2021-09-21T08:29:12.146-0400 [DEBUG] [org.gradle.cache.internal.btree.BTreePersistentIndexedCache] Closing cache module-artifact.bin (C:\Users\taghr\AndroidStudioProjects\MoMoneyNoProblem\caches\modules-2\metadata-2.97\module-artifact.bin)
2021-09-21T08:29:12.148-0400 [DEBUG] [org.gradle.cache.internal.btree.BTreePersistentIndexedCache] Closing cache module-artifacts.bin (C:\Users\taghr\AndroidStudioProjects\MoMoneyNoProblem\caches\modules-2\metadata-2.97\module-artifacts.bin)
2021-09-21T08:29:12.149-0400 [DEBUG] [org.gradle.cache.internal.DefaultFileLockManager] Releasing lock on artifact cache (C:\Users\taghr\AndroidStudioProjects\MoMoneyNoProblem\caches\modules-2).
2021-09-21T08:29:12.152-0400 [DEBUG] [org.gradle.cache.internal.DefaultPersistentDirectoryStore] artifact cache (C:\Users\taghr\AndroidStudioProjects\MoMoneyNoProblem\caches\modules-2) has last been fully cleaned up 25 hours ago
2021-09-21T08:29:12.154-0400 [DEBUG] [org.gradle.cache.internal.AbstractCacheCleanup] artifact cache (C:\Users\taghr\AndroidStudioProjects\MoMoneyNoProblem\caches\modules-2) cleanup deleted 0 files/directories.
2021-09-21T08:29:12.159-0400 [DEBUG] [org.gradle.cache.internal.AbstractCacheCleanup] artifact cache (C:\Users\taghr\AndroidStudioProjects\MoMoneyNoProblem\caches\modules-2) [subdir: C:\Users\taghr\AndroidStudioProjects\MoMoneyNoProblem\caches\modules-2\resources-2.1] cleanup deleted 0 files/directories.
2021-09-21T08:29:12.159-0400 [INFO] [org.gradle.cache.internal.LeastRecentlyUsedCacheCleanup] artifact cache (C:\Users\taghr\AndroidStudioProjects\MoMoneyNoProblem\caches\modules-2) [subdir: C:\Users\taghr\AndroidStudioProjects\MoMoneyNoProblem\caches\modules-2\resources-2.1] removing files not accessed on or after Sun Aug 22 08:26:19 EDT 2021.
2021-09-21T08:29:12.162-0400 [DEBUG] [org.gradle.cache.internal.AbstractCacheCleanup] artifact cache (C:\Users\taghr\AndroidStudioProjects\MoMoneyNoProblem\caches\modules-2) [subdir: C:\Users\taghr\AndroidStudioProjects\MoMoneyNoProblem\caches\modules-2\resources-2.1] cleanup deleted 0 files/directories.
2021-09-21T08:29:12.163-0400 [DEBUG] [org.gradle.cache.internal.AbstractCacheCleanup] artifact cache (C:\Users\taghr\AndroidStudioProjects\MoMoneyNoProblem\caches\modules-2) [subdir: C:\Users\taghr\AndroidStudioProjects\MoMoneyNoProblem\caches\modules-2\files-2.1] cleanup deleted 0 files/directories.
2021-09-21T08:29:12.164-0400 [INFO] [org.gradle.cache.internal.LeastRecentlyUsedCacheCleanup] artifact cache (C:\Users\taghr\AndroidStudioProjects\MoMoneyNoProblem\caches\modules-2) [subdir: C:\Users\taghr\AndroidStudioProjects\MoMoneyNoProblem\caches\modules-2\files-2.1] removing files not accessed on or after Sun Aug 22 08:26:19 EDT 2021.
2021-09-21T08:29:12.361-0400 [DEBUG] [org.gradle.cache.internal.AbstractCacheCleanup] artifact cache (C:\Users\taghr\AndroidStudioProjects\MoMoneyNoProblem\caches\modules-2) [subdir: C:\Users\taghr\AndroidStudioProjects\MoMoneyNoProblem\caches\modules-2\files-2.1] cleanup deleted 0 files/directories.
2021-09-21T08:29:12.362-0400 [DEBUG] [org.gradle.cache.internal.AbstractCacheCleanup] artifact cache (C:\Users\taghr\AndroidStudioProjects\MoMoneyNoProblem\caches\modules-2) [subdir: C:\Users\taghr\AndroidStudioProjects\MoMoneyNoProblem\caches\modules-2\metadata-2.97] cleanup deleted 0 files/directories.
2021-09-21T08:29:12.364-0400 [INFO] [org.gradle.cache.internal.DefaultPersistentDirectoryStore] artifact cache (C:\Users\taghr\AndroidStudioProjects\MoMoneyNoProblem\caches\modules-2) cleaned up in 0.211 secs.
2021-09-21T08:29:12.365-0400 [DEBUG] [org.gradle.cache.internal.DefaultCacheAccess] Cache Generated Gradle JARs cache (C:\Users\taghr\AndroidStudioProjects\MoMoneyNoProblem\caches\7.0.2\generated-gradle-jars) was closed 0 times.
2021-09-21T08:29:12.366-0400 [DEBUG] [org.gradle.cache.internal.LockOnDemandCrossProcessCacheAccess] Releasing file lock for journal cache (C:\Users\taghr\AndroidStudioProjects\MoMoneyNoProblem\caches\journal-1)
2021-09-21T08:29:12.366-0400 [DEBUG] [org.gradle.cache.internal.btree.BTreePersistentIndexedCache] Closing cache file-access.bin (C:\Users\taghr\AndroidStudioProjects\MoMoneyNoProblem\caches\journal-1\file-access.bin)
2021-09-21T08:29:12.368-0400 [DEBUG] [org.gradle.cache.internal.DefaultFileLockManager] Releasing lock on journal cache (C:\Users\taghr\AndroidStudioProjects\MoMoneyNoProblem\caches\journal-1).
2021-09-21T08:29:12.373-0400 [DEBUG] [org.gradle.cache.internal.LockOnDemandCrossProcessCacheAccess] Releasing file lock for file hash cache (C:\Users\taghr\AndroidStudioProjects\MoMoneyNoProblem\caches\7.0.2\fileHashes)
2021-09-21T08:29:12.374-0400 [DEBUG] [org.gradle.cache.internal.btree.BTreePersistentIndexedCache] Closing cache fileHashes.bin (C:\Users\taghr\AndroidStudioProjects\MoMoneyNoProblem\caches\7.0.2\fileHashes\fileHashes.bin)
2021-09-21T08:29:12.376-0400 [DEBUG] [org.gradle.cache.internal.btree.BTreePersistentIndexedCache] Closing cache resourceHashesCache.bin (C:\Users\taghr\AndroidStudioProjects\MoMoneyNoProblem\caches\7.0.2\fileHashes\resourceHashesCache.bin)
2021-09-21T08:29:12.376-0400 [DEBUG] [org.gradle.cache.internal.DefaultFileLockManager] Releasing lock on file hash cache (C:\Users\taghr\AndroidStudioProjects\MoMoneyNoProblem\caches\7.0.2\fileHashes).
2021-09-21T08:29:12.391-0400 [DEBUG] [org.gradle.cache.internal.LockOnDemandCrossProcessCacheAccess] Releasing file lock for execution history cache (C:\Users\taghr\AndroidStudioProjects\MoMoneyNoProblem\caches\7.0.2\executionHistory)
2021-09-21T08:29:12.392-0400 [DEBUG] [org.gradle.cache.internal.btree.BTreePersistentIndexedCache] Closing cache executionHistory.bin (C:\Users\taghr\AndroidStudioProjects\MoMoneyNoProblem\caches\7.0.2\executionHistory\executionHistory.bin)
2021-09-21T08:29:12.393-0400 [DEBUG] [org.gradle.cache.internal.DefaultFileLockManager] Releasing lock on execution history cache (C:\Users\taghr\AndroidStudioProjects\MoMoneyNoProblem\caches\7.0.2\executionHistory).
2021-09-21T08:29:12.431-0400 [DEBUG] [org.gradle.cache.internal.VersionSpecificCacheCleanupAction] Processed version-specific caches at C:\Users\taghr\AndroidStudioProjects\MoMoneyNoProblem\caches for cleanup in 0.029 secs
2021-09-21T08:29:12.451-0400Daemon vm is shutting down... The daemon has exited normally or was terminated in response to a user interrupt.
 [DEBUG] [org.gradle.launcher.daemon.registry.PersistentDaemonRegistry] Removing daemon address: [bb706a7d-e39d-433d-bb7b-acd66fa6227a port:63523, addresses:[localhost/127.0.0.1]]
2021-09-21T08:29:12.454-0400 [DEBUG] [org.gradle.cache.internal.DefaultFileLockManager] Waiting to acquire exclusive lock on daemon addresses registry.
2021-09-21T08:29:12.454-0400 [DEBUG] [org.gradle.cache.internal.DefaultFileLockManager] Lock acquired on daemon addresses registry.
2021-09-21T08:29:12.461-0400 [DEBUG] [org.gradle.cache.internal.DefaultFileLockManager] Releasing lock on daemon addresses registry.
